<?xml version="1.0" encoding="UTF-8"?>
<testng-results ignored="0" total="1" passed="1" failed="0" skipped="0">
  <reporter-output>
  </reporter-output>
  <suite started-at="2024-01-04T11:27:56 IST" name="Suite" finished-at="2024-01-04T11:28:11 IST" duration-ms="15087">
    <groups>
    </groups>
    <test started-at="2024-01-04T11:27:56 IST" name="Test" finished-at="2024-01-04T11:28:11 IST" duration-ms="15087">
      <class name="pooja.firsttest">
        <test-method signature="pooja()[pri:0, instance:pooja.firsttest@576d5deb]" started-at="2024-01-04T11:27:56 IST" name="pooja" finished-at="2024-01-04T11:28:11 IST" duration-ms="15017" status="PASS">
          <reporter-output>
          </reporter-output>
        </test-method> <!-- pooja -->
      </class> <!-- pooja.firsttest -->
    </test> <!-- Test -->
  </suite> <!-- Suite -->
</testng-results>
